<?xml version="1.0" encoding="UTF-8"?>
<!-- Generated by org.testng.reporters.JUnitReportReporter -->
<testsuite skipped="0" hostname="gaurang" name="com.testCases.TC_AddCustomerTest_003" tests="1" failures="0" timestamp="26 Sep 2019 22:05:34 GMT" time="23.486" errors="0">
  <testcase name="addNewCustomer" time="23.486" classname="com.testCases.TC_AddCustomerTest_003"/>
</testsuite> <!-- com.testCases.TC_AddCustomerTest_003 -->
